<?xml version="1.0" encoding="UTF-8"?>
<!-- Generated by org.testng.reporters.JUnitReportReporter -->
<testsuite hostname="root.local" failures="0" tests="1" name="com.equifax2.testcase.HomePageTest" time="45.650" errors="0" timestamp="2021-06-13T14:03:44 EDT" skipped="0">
  <testcase classname="com.equifax2.testcase.HomePageTest" name="Test" time="45.650"/>
  <system-out/>
</testsuite> <!-- com.equifax2.testcase.HomePageTest -->
