<?xml version="1.0" encoding="UTF-8"?>
<!-- Generated by org.testng.reporters.JUnitReportReporter -->
<testsuite hostname="root.local" failures="0" tests="1" name="com.equifax2.qa.base.BasePage" time="3.837" errors="0" timestamp="2021-06-11T17:30:22 EDT" skipped="0">
  <testcase classname="com.equifax2.qa.base.BasePage" name="titleTest" time="3.837"/>
  <system-out/>
</testsuite> <!-- com.equifax2.qa.base.BasePage -->
